0 info it worked if it ends with ok
1 verbose cli [ 'node', '/usr/local/bin/npm', 'run', 'start' ]
2 info using npm@2.1.7
3 info using node@v0.13.0-pre
4 verbose run-script [ 'prestart', 'start', 'poststart' ]
5 info prestart nodetest1@0.0.0
6 info start nodetest1@0.0.0
7 verbose unsafe-perm in lifecycle true
8 info nodetest1@0.0.0 Failed to exec start script
9 verbose stack Error: Exit status 1
9 verbose stack     at ChildProcess.<anonymous> (/usr/local/lib/node_modules/npm/lib/utils/lifecycle.js:212:16)
9 verbose stack     at ChildProcess.emit (events.js:110:17)
9 verbose stack     at maybeClose (child_process.js:1000:16)
9 verbose stack     at Process.ChildProcess._handle.onexit (child_process.js:1072:5)
10 verbose pkgid nodetest1@0.0.0
11 verbose cwd /home/ishan/hackathon/nodetest1
12 error Linux 3.13.0-39-generic
13 error argv "node" "/usr/local/bin/npm" "run" "start"
14 error node v0.13.0-pre
15 error npm  v2.1.7
16 error code ELIFECYCLE
17 error nodetest1@0.0.0 start: `node ./bin/www`
17 error Exit status 1
18 error Failed at the nodetest1@0.0.0 start script.
18 error This is most likely a problem with the nodetest1 package,
18 error not with npm itself.
18 error Tell the author that this fails on your system:
18 error     node ./bin/www
18 error You can get their info via:
18 error     npm owner ls nodetest1
18 error There is likely additional logging output above.
19 verbose exit [ 1, true ]
